Analysis & Synthesis report for traffic
Mon Nov 21 20:43:45 2022
Quartus Prime Version 20.1.1 Build 720 11/11/2020 SJ Lite Edition


---------------------
; Table of Contents ;
---------------------
  1. Legal Notice
  2. Analysis & Synthesis Summary
  3. Analysis & Synthesis Settings
  4. Parallel Compilation
  5. Analysis & Synthesis Source Files Read
  6. Analysis & Synthesis Resource Usage Summary
  7. Analysis & Synthesis Resource Utilization by Entity
  8. General Register Statistics
  9. Analysis & Synthesis Messages



----------------
; Legal Notice ;
----------------
Copyright (C) 2020  Intel Corporation. All rights reserved.
Your use of Intel Corporation's design tools, logic functions 
and other software and tools, and any partner logic 
functions, and any output files from any of the foregoing 
(including device programming or simulation files), and any 
associated documentation or information are expressly subject 
to the terms and conditions of the Intel Program License 
Subscription Agreement, the Intel Quartus Prime License Agreement,
the Intel FPGA IP License Agreement, or other applicable license
agreement, including, without limitation, that your use is for
the sole purpose of programming logic devices manufactured by
Intel and sold by Intel or its authorized distributors.  Please
refer to the applicable agreement for further details, at
https://fpgasoftware.intel.com/eula.



+---------------------------------------------------------------------------+
; Analysis & Synthesis Summary                                              ;
+-----------------------------+---------------------------------------------+
; Analysis & Synthesis Status ; Successful - Mon Nov 21 20:43:45 2022       ;
; Quartus Prime Version       ; 20.1.1 Build 720 11/11/2020 SJ Lite Edition ;
; Revision Name               ; traffic                                     ;
; Top-level Entity Name       ; traffic                                     ;
; Family                      ; MAX V                                       ;
; Total logic elements        ; 32                                          ;
; Total pins                  ; 30                                          ;
; Total virtual pins          ; 0                                           ;
; UFM blocks                  ; 0 / 1 ( 0 % )                               ;
+-----------------------------+---------------------------------------------+


+------------------------------------------------------------------------------------------------------------+
; Analysis & Synthesis Settings                                                                              ;
+------------------------------------------------------------------+--------------------+--------------------+
; Option                                                           ; Setting            ; Default Value      ;
+------------------------------------------------------------------+--------------------+--------------------+
; Top-level entity name                                            ; traffic            ; traffic            ;
; Family name                                                      ; MAX V              ; Cyclone V          ;
; Use smart compilation                                            ; Off                ; Off                ;
; Enable parallel Assembler and Timing Analyzer during compilation ; On                 ; On                 ;
; Enable compact report table                                      ; Off                ; Off                ;
; Restructure Multiplexers                                         ; Auto               ; Auto               ;
; Create Debugging Nodes for IP Cores                              ; Off                ; Off                ;
; Preserve fewer node names                                        ; On                 ; On                 ;
; Intel FPGA IP Evaluation Mode                                    ; Enable             ; Enable             ;
; Verilog Version                                                  ; Verilog_2001       ; Verilog_2001       ;
; VHDL Version                                                     ; VHDL_1993          ; VHDL_1993          ;
; State Machine Processing                                         ; Auto               ; Auto               ;
; Safe State Machine                                               ; Off                ; Off                ;
; Extract Verilog State Machines                                   ; On                 ; On                 ;
; Extract VHDL State Machines                                      ; On                 ; On                 ;
; Ignore Verilog initial constructs                                ; Off                ; Off                ;
; Iteration limit for constant Verilog loops                       ; 5000               ; 5000               ;
; Iteration limit for non-constant Verilog loops                   ; 250                ; 250                ;
; Add Pass-Through Logic to Inferred RAMs                          ; On                 ; On                 ;
; Infer RAMs from Raw Logic                                        ; On                 ; On                 ;
; Parallel Synthesis                                               ; On                 ; On                 ;
; NOT Gate Push-Back                                               ; On                 ; On                 ;
; Power-Up Don't Care                                              ; On                 ; On                 ;
; Remove Redundant Logic Cells                                     ; Off                ; Off                ;
; Remove Duplicate Registers                                       ; On                 ; On                 ;
; Ignore CARRY Buffers                                             ; Off                ; Off                ;
; Ignore CASCADE Buffers                                           ; Off                ; Off                ;
; Ignore GLOBAL Buffers                                            ; Off                ; Off                ;
; Ignore ROW GLOBAL Buffers                                        ; Off                ; Off                ;
; Ignore LCELL Buffers                                             ; Off                ; Off                ;
; Ignore SOFT Buffers                                              ; On                 ; On                 ;
; Limit AHDL Integers to 32 Bits                                   ; Off                ; Off                ;
; Optimization Technique                                           ; Balanced           ; Balanced           ;
; Carry Chain Length                                               ; 70                 ; 70                 ;
; Auto Carry Chains                                                ; On                 ; On                 ;
; Auto Open-Drain Pins                                             ; On                 ; On                 ;
; Perform WYSIWYG Primitive Resynthesis                            ; Off                ; Off                ;
; Auto Shift Register Replacement                                  ; Auto               ; Auto               ;
; Allow Shift Register Merging across Hierarchies                  ; Auto               ; Auto               ;
; Auto Clock Enable Replacement                                    ; On                 ; On                 ;
; Allow Synchronous Control Signals                                ; On                 ; On                 ;
; Force Use of Synchronous Clear Signals                           ; Off                ; Off                ;
; Auto Resource Sharing                                            ; Off                ; Off                ;
; Use LogicLock Constraints during Resource Balancing              ; On                 ; On                 ;
; Ignore translate_off and synthesis_off directives                ; Off                ; Off                ;
; Report Parameter Settings                                        ; On                 ; On                 ;
; Report Source Assignments                                        ; On                 ; On                 ;
; Report Connectivity Checks                                       ; On                 ; On                 ;
; Ignore Maximum Fan-Out Assignments                               ; Off                ; Off                ;
; Synchronization Register Chain Length                            ; 2                  ; 2                  ;
; Power Optimization During Synthesis                              ; Normal compilation ; Normal compilation ;
; HDL message level                                                ; Level2             ; Level2             ;
; Suppress Register Optimization Related Messages                  ; Off                ; Off                ;
; Number of Removed Registers Reported in Synthesis Report         ; 5000               ; 5000               ;
; Number of Swept Nodes Reported in Synthesis Report               ; 5000               ; 5000               ;
; Number of Inverted Registers Reported in Synthesis Report        ; 100                ; 100                ;
; Clock MUX Protection                                             ; On                 ; On                 ;
; Block Design Naming                                              ; Auto               ; Auto               ;
; Synthesis Effort                                                 ; Auto               ; Auto               ;
; Shift Register Replacement - Allow Asynchronous Clear Signal     ; On                 ; On                 ;
; Analysis & Synthesis Message Level                               ; Medium             ; Medium             ;
; Disable Register Merging Across Hierarchies                      ; Auto               ; Auto               ;
+------------------------------------------------------------------+--------------------+--------------------+


+------------------------------------------+
; Parallel Compilation                     ;
+----------------------------+-------------+
; Processors                 ; Number      ;
+----------------------------+-------------+
; Number detected on machine ; 4           ;
; Maximum allowed            ; 4           ;
;                            ;             ;
; Average used               ; 1.00        ;
; Maximum used               ; 1           ;
;                            ;             ;
; Usage by Processor         ; % Time Used ;
;     Processor 1            ; 100.0%      ;
+----------------------------+-------------+


+----------------------------------------------------------------------------------------------------------------------------------------------------------------------------+
; Analysis & Synthesis Source Files Read                                                                                                                                     ;
+----------------------------------+-----------------+------------------------------------+------------------------------------------------------------------------+---------+
; File Name with User-Entered Path ; Used in Netlist ; File Type                          ; File Name with Absolute Path                                           ; Library ;
+----------------------------------+-----------------+------------------------------------+------------------------------------------------------------------------+---------+
; trigger.bdf                      ; yes             ; User Block Diagram/Schematic File  ; C:/Users/user/Desktop/Automatic_Traffic_System/trigger.bdf             ;         ;
; mx_4bit_2x1.bdf                  ; yes             ; User Block Diagram/Schematic File  ; C:/Users/user/Desktop/Automatic_Traffic_System/mx_4bit_2x1.bdf         ;         ;
; mx_2x1.bdf                       ; yes             ; User Block Diagram/Schematic File  ; C:/Users/user/Desktop/Automatic_Traffic_System/mx_2x1.bdf              ;         ;
; fourbit_register_ce.bdf          ; yes             ; User Block Diagram/Schematic File  ; C:/Users/user/Desktop/Automatic_Traffic_System/fourbit_register_ce.bdf ;         ;
; d2b.bdf                          ; yes             ; User Block Diagram/Schematic File  ; C:/Users/user/Desktop/Automatic_Traffic_System/d2b.bdf                 ;         ;
; b2seg.bdf                        ; yes             ; User Block Diagram/Schematic File  ; C:/Users/user/Desktop/Automatic_Traffic_System/b2seg.bdf               ;         ;
; traffic.bdf                      ; yes             ; User Block Diagram/Schematic File  ; C:/Users/user/Desktop/Automatic_Traffic_System/traffic.bdf             ;         ;
+----------------------------------+-----------------+------------------------------------+------------------------------------------------------------------------+---------+


+-----------------------------------------------------+
; Analysis & Synthesis Resource Usage Summary         ;
+---------------------------------------------+-------+
; Resource                                    ; Usage ;
+---------------------------------------------+-------+
; Total logic elements                        ; 32    ;
;     -- Combinational with no register       ; 21    ;
;     -- Register only                        ; 10    ;
;     -- Combinational with a register        ; 1     ;
;                                             ;       ;
; Logic element usage by number of LUT inputs ;       ;
;     -- 4 input functions                    ; 11    ;
;     -- 3 input functions                    ; 9     ;
;     -- 2 input functions                    ; 2     ;
;     -- 1 input functions                    ; 0     ;
;     -- 0 input functions                    ; 0     ;
;                                             ;       ;
; Logic elements by mode                      ;       ;
;     -- normal mode                          ; 32    ;
;     -- arithmetic mode                      ; 0     ;
;     -- qfbk mode                            ; 0     ;
;     -- register cascade mode                ; 0     ;
;     -- synchronous clear/load mode          ; 0     ;
;     -- asynchronous clear/load mode         ; 11    ;
;                                             ;       ;
; Total registers                             ; 11    ;
; I/O pins                                    ; 30    ;
; Maximum fan-out node                        ; clk   ;
; Maximum fan-out                             ; 11    ;
; Total fan-out                               ; 126   ;
; Average fan-out                             ; 2.03  ;
+---------------------------------------------+-------+


+-----------------------------------------------------------------------------------------------------------------------------------------------------------------------------------------------------------------------------------------------------------------+
; Analysis & Synthesis Resource Utilization by Entity                                                                                                                                                                                                             ;
+---------------------------------+-------------+--------------+------------+------+--------------+--------------+-------------------+------------------+-----------------+------------+-------------------------------------+---------------------+--------------+
; Compilation Hierarchy Node      ; Logic Cells ; LC Registers ; UFM Blocks ; Pins ; Virtual Pins ; LUT-Only LCs ; Register-Only LCs ; LUT/Register LCs ; Carry Chain LCs ; Packed LCs ; Full Hierarchy Name                 ; Entity Name         ; Library Name ;
+---------------------------------+-------------+--------------+------------+------+--------------+--------------+-------------------+------------------+-----------------+------------+-------------------------------------+---------------------+--------------+
; |traffic                        ; 32 (6)      ; 11           ; 0          ; 30   ; 0            ; 21 (5)       ; 10 (1)            ; 1 (0)            ; 0 (0)           ; 0 (0)      ; |traffic                            ; traffic             ; work         ;
;    |b2seg:inst10|               ; 7 (7)       ; 0            ; 0          ; 0    ; 0            ; 7 (7)        ; 0 (0)             ; 0 (0)            ; 0 (0)           ; 0 (0)      ; |traffic|b2seg:inst10               ; b2seg               ; work         ;
;    |d2b:inst|                   ; 5 (5)       ; 0            ; 0          ; 0    ; 0            ; 5 (5)        ; 0 (0)             ; 0 (0)            ; 0 (0)           ; 0 (0)      ; |traffic|d2b:inst                   ; d2b                 ; work         ;
;    |fourbit_register_ce:inst11| ; 4 (4)       ; 4            ; 0          ; 0    ; 0            ; 0 (0)        ; 4 (4)             ; 0 (0)            ; 0 (0)           ; 0 (0)      ; |traffic|fourbit_register_ce:inst11 ; fourbit_register_ce ; work         ;
;    |fourbit_register_ce:inst8|  ; 4 (4)       ; 4            ; 0          ; 0    ; 0            ; 0 (0)        ; 4 (4)             ; 0 (0)            ; 0 (0)           ; 0 (0)      ; |traffic|fourbit_register_ce:inst8  ; fourbit_register_ce ; work         ;
;    |mx_4bit_2x1:inst18|         ; 4 (4)       ; 0            ; 0          ; 0    ; 0            ; 4 (4)        ; 0 (0)             ; 0 (0)            ; 0 (0)           ; 0 (0)      ; |traffic|mx_4bit_2x1:inst18         ; mx_4bit_2x1         ; work         ;
;    |trigger:inst2|              ; 2 (2)       ; 2            ; 0          ; 0    ; 0            ; 0 (0)        ; 1 (1)             ; 1 (1)            ; 0 (0)           ; 0 (0)      ; |traffic|trigger:inst2              ; trigger             ; work         ;
+---------------------------------+-------------+--------------+------------+------+--------------+--------------+-------------------+------------------+-----------------+------------+-------------------------------------+---------------------+--------------+
Note: For table entries with two numbers listed, the numbers in parentheses indicate the number of resources of the given type used by the specific entity alone. The numbers listed outside of parentheses indicate the total resources of the given type used by the specific entity and all of its sub-entities in the hierarchy.


+------------------------------------------------------+
; General Register Statistics                          ;
+----------------------------------------------+-------+
; Statistic                                    ; Value ;
+----------------------------------------------+-------+
; Total registers                              ; 11    ;
; Number of registers using Synchronous Clear  ; 0     ;
; Number of registers using Synchronous Load   ; 0     ;
; Number of registers using Asynchronous Clear ; 11    ;
; Number of registers using Asynchronous Load  ; 0     ;
; Number of registers using Clock Enable       ; 8     ;
; Number of registers using Preset             ; 0     ;
+----------------------------------------------+-------+


+-------------------------------+
; Analysis & Synthesis Messages ;
+-------------------------------+
Info: *******************************************************************
Info: Running Quartus Prime Analysis & Synthesis
    Info: Version 20.1.1 Build 720 11/11/2020 SJ Lite Edition
    Info: Processing started: Mon Nov 21 20:43:34 2022
Info: Command: quartus_map --read_settings_files=on --write_settings_files=off traffic -c traffic
Warning (18236): Number of processors has not been specified which may cause overloading on shared machines.  Set the global assignment NUM_PARALLEL_PROCESSORS in your QSF to an appropriate value for best performance.
Info (20030): Parallel compilation is enabled and will use 4 of the 4 processors detected
Info (12021): Found 1 design units, including 1 entities, in source file trigger.bdf
    Info (12023): Found entity 1: trigger
Info (12021): Found 1 design units, including 1 entities, in source file mx_4bit_2x1.bdf
    Info (12023): Found entity 1: mx_4bit_2x1
Info (12021): Found 1 design units, including 1 entities, in source file mx_2x1.bdf
    Info (12023): Found entity 1: mx_2x1
Info (12021): Found 1 design units, including 1 entities, in source file fourbit_register_ce.bdf
    Info (12023): Found entity 1: fourbit_register_ce
Info (12021): Found 1 design units, including 1 entities, in source file d2b.bdf
    Info (12023): Found entity 1: d2b
Info (12021): Found 1 design units, including 1 entities, in source file counter4.bdf
    Info (12023): Found entity 1: counter4
Info (12021): Found 1 design units, including 1 entities, in source file b2seg.bdf
    Info (12023): Found entity 1: b2seg
Info (12021): Found 1 design units, including 1 entities, in source file traffic.bdf
    Info (12023): Found entity 1: traffic
Info (12127): Elaborating entity "traffic" for the top level hierarchy
Info (12128): Elaborating entity "b2seg" for hierarchy "b2seg:inst10"
Info (12128): Elaborating entity "mx_4bit_2x1" for hierarchy "mx_4bit_2x1:inst18"
Warning (275011): Block or symbol "AND2" of instance "inst5" overlaps another block or symbol
Info (12128): Elaborating entity "fourbit_register_ce" for hierarchy "fourbit_register_ce:inst8"
Info (12128): Elaborating entity "mx_2x1" for hierarchy "fourbit_register_ce:inst8|mx_2x1:inst"
Info (12128): Elaborating entity "trigger" for hierarchy "trigger:inst2"
Info (12128): Elaborating entity "d2b" for hierarchy "d2b:inst"
Warning (13024): Output pins are stuck at VCC or GND
    Warning (13410): Pin "com3" is stuck at VCC
    Warning (13410): Pin "com4" is stuck at VCC
    Warning (13410): Pin "com5" is stuck at VCC
    Warning (13410): Pin "com6" is stuck at VCC
    Warning (13410): Pin "com7" is stuck at VCC
    Warning (13410): Pin "com8" is stuck at VCC
Info (21057): Implemented 62 device resources after synthesis - the final resource count might be different
    Info (21058): Implemented 13 input pins
    Info (21059): Implemented 17 output pins
    Info (21061): Implemented 32 logic cells
Info: Quartus Prime Analysis & Synthesis was successful. 0 errors, 9 warnings
    Info: Peak virtual memory: 4719 megabytes
    Info: Processing ended: Mon Nov 21 20:43:45 2022
    Info: Elapsed time: 00:00:11
    Info: Total CPU time (on all processors): 00:00:20


